+----------+-------------------------------------------------------------------------------------------------+-------------+-----------------------------------------------------------+------------------+
|   bookid | title                                                                                           |   num_pages | authors                                                   |   wishlist_count |
|----------+-------------------------------------------------------------------------------------------------+-------------+-----------------------------------------------------------+------------------|
|      823 | Quicksilver (The Baroque Cycle  #1)                                                             |         927 | Neal Stephenson                                           |                4 |
|      154 | CliffsNotes on Tolstoy's Anna Karenina                                                          |          80 | Leo Tolstoy, Marianne Sturman                             |                3 |
|     1097 | Fast Food Nation: The Dark Side of the All-American Meal                                        |         399 | Eric Schlosser                                            |                3 |
|       25 | I'm a Stranger Here Myself: Notes on Returning to America After Twenty Years Away               |         304 | Bill Bryson                                               |                3 |
|      385 | On Bullshit                                                                                     |          67 | Harry G. Frankfurt                                        |                3 |
|      576 | 1000 Record Covers                                                                              |         575 | Michael Ochs, Patrick Javault, Ulrike Wasel               |                2 |
|       22 | Bill Bryson's African Diary                                                                     |          55 | Bill Bryson                                               |                2 |
|      477 | Collapse of Complex Societies                                                                   |         262 | Joseph A. Tainter                                         |                2 |
|      980 | Deception Point                                                                                 |         448 | Dan Brown                                                 |                2 |
|      975 | Deception Point                                                                                 |         736 | Dan Brown                                                 |                2 |
|      140 | eBay Business All-in-One Desk Reference for Dummies                                             |         864 | Marsha Collier                                            |                2 |
|      868 | Fullmetal Alchemist  Vol. 3 (Fullmetal Alchemist  #3)                                           |         192 | Akira Watanabe, Hiromu Arakawa                            |                2 |
|      245 | Henry Miller on Writing                                                                         |         217 | Henry Miller, Thomas H. Moore                             |                2 |
|       30 | J.R.R. Tolkien 4-Book Boxed Set: The Hobbit and The Lord of the Rings                           |        1728 | J.R.R. Tolkien                                            |                2 |
|      702 | Modern Latin America                                                                            |         528 | Peter H. Smith, Thomas E. Skidmore                        |                2 |
|      493 | My Inventions                                                                                   |          88 | Nikola Tesla                                              |                2 |
|       27 | Neither Here nor There: Travels in Europe                                                       |         254 | Bill Bryson                                               |                2 |
|      880 | Pompeii                                                                                         |         274 | Robert Harris                                             |                2 |
|      291 | The Broken Wings                                                                                |         132 | Anthony Rizcallah Ferris, Kahlil Gibran, جبران خليل جبران |                2 |
|      822 | The Confusion (The Baroque Cycle  #2)                                                           |         815 | Neal Stephenson                                           |                2 |
|       36 | The Lord of the Rings: Weapons and Warfare                                                      |         218 | Chris Smith, Christopher Lee, Richard Taylor              |                2 |
|       96 | There's Always Enough: The Miraculous Move of God in Mozambique                                 |         192 | Heidi Baker, Rolland Baker                                |                2 |
|      354 | To Sail Beyond the Sunset                                                                       |         434 | Robert A. Heinlein                                        |                2 |
|      160 | Tolstoy: Anna Karenina                                                                          |         128 | Anthony Thorlby                                           |                2 |
|      534 | We Were Not Like Other People                                                                   |         216 | Antonina W. Bouis, Ephraim Sevela                         |                2 |
|      422 | A Book of Common Prayer                                                                         |         272 | Joan Didion                                               |                1 |
|      205 | A Long Shadow (Inspector Ian Rutledge  #8)                                                      |         352 | Charles Todd                                              |                1 |
|      177 | A Wrinkle in Time: A Guide for Using "A Wrinkle in Time" in the Classroom                       |          48 | John Carratello, Patty Carratello, Theresa Wright         |                1 |
|      181 | A Wrinkle in Time: With Related Readings (A Wrinkle in Time Quintet #1)                         |         250 | Madeleine L'Engle                                         |                1 |
|       89 | Active Literacy Across the Curriculum: Strategies for Reading  Writing  Speaking  and Listening |         138 | Heidi Hayes Jacobs                                        |                1 |
|      409 | Against the Day                                                                                 |        1085 | Thomas Pynchon                                            |                1 |
|       91 | Always Enough: God's Miraculous Provision Among the Poorest Children on Earth                   |         192 | Heidi Baker, Rolland Baker                                |                1 |
|      965 | Ángeles y demonios (Robert Langdon  #1)                                                         |         508 | Dan Brown                                                 |                1 |
|      155 | Anna Karenina                                                                                   |         803 | Amy Mandelker, Constance Garnett, Leo Tolstoy             |                1 |
|      157 | Anna Karenina                                                                                   |         803 | Amy Mandelker, Constance Garnett, Leo Tolstoy             |                1 |
|       78 | Annals of the Former World                                                                      |         720 | John McPhee                                               |                1 |
|       72 | Artesia: Adventures in the Known World                                                          |         352 | Mark Smylie                                               |                1 |
|      662 | Atlas Shrugged                                                                                  |        1168 | Ayn Rand, Leonard Peikoff                                 |                1 |
|      511 | Boys of Summer                                                                                  |         249 | Julie Elizabeth Leto, Kimberly Raye, Leslie Kelly         |                1 |
|       23 | Bryson's Dictionary of Troublesome Words: A Writer's Guide to Getting It Right                  |         256 | Bill Bryson                                               |                1 |
|       58 | Changeling (Changeling  #1)                                                                     |         256 | Delia Sherman                                             |                1 |
|      105 | Chapterhouse: Dune (Dune Chronicles #6)                                                         |         436 | Frank Herbert                                             |                1 |
|      324 | Cien años de soledad                                                                            |         448 | Gabriel García Márquez                                    |                1 |
|      763 | Cien años de soledad                                                                            |         496 | Gabriel García Márquez                                    |                1 |
|      475 | Collapse: How Societies Choose to Fail or Succeed                                               |         608 | Jared Diamond                                             |                1 |
|      759 | Collected Stories                                                                               |         352 | Gabriel García Márquez, Gregory Rabassa, J.S. Bernstein   |                1 |
|       79 | Coming Into the Country                                                                         |         448 | John McPhee                                               |                1 |
|      972 | Da Vinci Code (Robert Langdon  #2)                                                              |         744 | Dan Brown, Daniel Roche                                   |                1 |
|      166 | Dalit: The Black Untaouchables of India                                                         |         100 | V.T. Rajshekar, Y.N. Kly                                  |                1 |
|      764 | Del amor y otros demonios                                                                       |         176 | Gabriel García Márquez                                    |                1 |
|      159 | Dinner with Anna Karenina                                                                       |         360 | Gloria Goldreich                                          |                1 |
|      367 | Douglas Adams's Starship Titanic                                                                |         256 | Terry Jones                                               |                1 |
|      139 | ebay Timesaving Techniques for Dummies                                                          |         391 | Marsha Collier                                            |                1 |
|      873 | Fullmetal Alchemist  Vol. 2 (Fullmetal Alchemist  #2)                                           |         192 | Akira Watanabe, Hiromu Arakawa                            |                1 |
|      869 | Fullmetal Alchemist  Vol. 8 (Fullmetal Alchemist  #8)                                           |         192 | Akira Watanabe, Hiromu Arakawa                            |                1 |
|      935 | Geisha of Gion                                                                                  |         334 | Mineko Iwasaki, Rande Brown                               |                1 |
|       94 | Getting Results with Curriculum Mapping                                                         |         192 | Heidi Hayes Jacobs                                        |                1 |
|      523 | Golding's Lord of the Flies (Cliffs Notes)                                                      |         112 | CliffsNotes, Maureen Kelly, William Golding               |                1 |
|      415 | Gravity's Rainbow                                                                               |         776 | Thomas Pynchon                                            |                1 |
|      642 | Guidebook to Zen and the Art of Motorcycle Maintenance                                          |         408 | Ronald L. DiSanto, Thomas J. Steele                       |                1 |
|      835 | Harrington on Hold 'em: Expert Strategy for No-Limit Tournaments  Volume I: Strategic Play      |         381 | Bill Robertie, Dan Harrington                             |                1 |
|        4 | Harry Potter and the Chamber of Secrets (Harry Potter  #2)                                      |         352 | J.K. Rowling                                              |                1 |
|        5 | Harry Potter and the Prisoner of Azkaban (Harry Potter  #3)                                     |         435 | J.K. Rowling, Mary GrandPré                               |                1 |
|       10 | Harry Potter Collection (Harry Potter  #1-6)                                                    |        3342 | J.K. Rowling                                              |                1 |
|       55 | Hatchet Jobs: Writings on Contemporary Fiction                                                  |         228 | Dale Peck                                                 |                1 |
|       76 | Heirs of General Practice                                                                       |         128 | John McPhee                                               |                1 |
|      570 | HTML  XHTML  and CSS (Visual Quickstart Guide)                                                  |         456 | Elizabeth Castro                                          |                1 |
|      231 | I am Charlotte Simmons                                                                          |         738 | Tom Wolfe                                                 |                1 |
|       80 | La Place de la Concorde Suisse                                                                  |         160 | John McPhee                                               |                1 |
|      670 | Letters of Ayn Rand                                                                             |         681 | Ayn Rand, Leonard Peikoff, Michael S. Berliner            |                1 |
|      394 | Lincoln at Gettysburg: The Words That Remade America                                            |         317 | Garry Wills                                               |                1 |
|      765 | Living to Tell the Tale                                                                         |         533 | Edith Grossman, Gabriel García Márquez                    |                1 |
|      650 | LOGO Lounge: 2 000 International Identities by Leading Designers                                |         191 | Bill Gardner, Catharine M. Fishel                         |                1 |
|      797 | Lonely Planet Londres                                                                           |         480 | Lonely Planet, Sarah Johnstone, Tom Masters               |                1 |
|      524 | Lord of the Flies                                                                               |           6 | William Golding                                           |                1 |
|       92 | Mapping the Big Picture: Integrating Curriculum & Assessment K-12                               |         108 | Heidi Hayes Jacobs                                        |                1 |
|      931 | Memoirs of a Geisha                                                                             |         497 | Arthur Golden                                             |                1 |
|      766 | Memoria de mis putas tristes                                                                    |         112 | Gabriel García Márquez                                    |                1 |
|      707 | Naked Pictures of Famous People                                                                 |         164 | Jon Stewart                                               |                1 |
|      829 | Odalisque (The Baroque Cycle  Vol. 1  Book 3)                                                   |         464 | Neal Stephenson                                           |                1 |
|      890 | Of Mice and Men                                                                                 |         103 | John Steinbeck                                            |                1 |
|      799 | Out to Eat London 2002 (Lonely Planet Out to Eat)                                               |         295 | Lonely Planet, Mark Honan                                 |                1 |
|      515 | Programming Ruby: The Pragmatic Programmers' Guide                                              |         828 | Andy Hunt, Chad Fowler, Dave Thomas                       |                1 |
|     1090 | Purpose Driven Life - For Commuters: What on Earth Am I Here For?                               |           5 | Rick Warren                                               |                1 |
|      444 | Pyramids of Montauk: Explorations in Consciousness                                              |         256 | Nina Helms, Peter Moon, Preston B. Nichols                |                1 |
|     1022 | Read My Lips: Sexual Subversion and the End of Gender                                           |         288 | Riki Anne Wilchins                                        |                1 |
|      700 | Rereading America: Cultural Contexts for Critical Thinking and Writing                          |         826 | Bonnie Lisle, Gary Colombo                                |                1 |
|      404 | Running Dog                                                                                     |         256 | Don DeLillo                                               |                1 |
|      676 | Sailing Alone Around the Room: New and Selected Poems                                           |         192 | Billy Collins                                             |                1 |
|      675 | Sailing from Byzantium: How a Lost Empire Shaped the World                                      |         368 | Colin Wells                                               |                1 |
|     1059 | Shibumi                                                                                         |         480 | Gisela Stege, Trevanian                                   |                1 |
|      350 | Stranger in a Strange Land                                                                      |         528 | Robert A. Heinlein                                        |                1 |
|      955 | The 5 Love Languages / The 5 Love Languages Journal                                             |         120 | Gary Chapman                                              |                1 |
|      289 | The Beloved: Reflections on the Path of the Heart                                               |         102 | John Walbridge, Kahlil Gibran, Robin Waterfield           |                1 |
|      446 | The Brooklyn Follies                                                                            |         306 | Paul Auster                                               |                1 |
|      230 | The Burnt Orange Heresy (Vintage Crime/Black Lizard)                                            |         144 | Charles Willeford                                         |                1 |
|       61 | The Changeling                                                                                  |         228 | Zilpha Keatley Snyder                                     |                1 |
|     1073 | The Crescent Obscured: The United States and the Muslim World  1776-1815                        |         284 | Robert J. Allison                                         |                1 |
|      411 | The Crying of Lot 49                                                                            |         152 | Thomas Pynchon                                            |                1 |
|      969 | The Da Vinci Code                                                                               |         467 | Dan Brown                                                 |                1 |
+----------+-------------------------------------------------------------------------------------------------+-------------+-----------------------------------------------------------+------------------+
